# JRE version: OpenJDK Runtime Environment (8.0_152) (build 1.8.0_152-release-1343-b16-5323222)
# Java VM: OpenJDK 64-Bit Server VM (25.152-b16-5323222 mixed mode linux-amd64 compressed oops)
Heap:
 PSYoungGen      total 369664K, used 67907K [0x00000000e0000000, 0x0000000100000000, 0x0000000100000000)
  eden space 215040K, 14% used [0x00000000e0000000,0x00000000e1e40758,0x00000000ed200000)
  from space 154624K, 23% used [0x00000000ed200000,0x00000000ef610638,0x00000000f6900000)
  to   space 148992K, 0% used [0x00000000f6e80000,0x00000000f6e80000,0x0000000100000000)
 ParOldGen       total 365568K, used 267816K [0x00000000a0000000, 0x00000000b6500000, 0x00000000e0000000)
  object space 365568K, 73% used [0x00000000a0000000,0x00000000b058a180,0x00000000b6500000)
 Metaspace       used 137433K, capacity 143823K, committed 144768K, reserved 1175552K
  class space    used 16630K, capacity 17815K, committed 18048K, reserved 1048576K
GC Heap History (10 events):
Event: 3062.909 GC heap before
{Heap before GC invocations=81 (full 8):
 PSYoungGen      total 372224K, used 258026K [0x00000000e0000000, 0x0000000100000000, 0x0000000100000000)
  eden space 218112K, 100% used [0x00000000e0000000,0x00000000ed500000,0x00000000ed500000)
  from space 154112K, 25% used [0x00000000f6980000,0x00000000f907a838,0x0000000100000000)
  to   space 152064K, 0% used [0x00000000ed500000,0x00000000ed500000,0x00000000f6980000)
 ParOldGen       total 365568K, used 230446K [0x00000000a0000000, 0x00000000b6500000, 0x00000000e0000000)
  object space 365568K, 63% used [0x00000000a0000000,0x00000000ae10ba40,0x00000000b6500000)
 Metaspace       used 137269K, capacity 143741K, committed 144768K, reserved 1175552K
  class space    used 16623K, capacity 17802K, committed 18048K, reserved 1048576K
Event: 3062.933 GC heap after
Heap after GC invocations=81 (full 8):
 PSYoungGen      total 258560K, used 40433K [0x00000000e0000000, 0x00000000fee00000, 0x0000000100000000)
  eden space 218112K, 0% used [0x00000000e0000000,0x00000000e0000000,0x00000000ed500000)
  from space 40448K, 99% used [0x00000000ed500000,0x00000000efc7c6b8,0x00000000efc80000)
  to   space 143872K, 0% used [0x00000000f6180000,0x00000000f6180000,0x00000000fee00000)
 ParOldGen       total 365568K, used 230454K [0x00000000a0000000, 0x00000000b6500000, 0x00000000e0000000)
  object space 365568K, 63% used [0x00000000a0000000,0x00000000ae10da40,0x00000000b6500000)
 Metaspace       used 137269K, capacity 143741K, committed 144768K, reserved 1175552K
  class space    used 16623K, capacity 17802K, committed 18048K, reserved 1048576K
}
Event: 3063.959 GC heap before
{Heap before GC invocations=82 (full 8):
 PSYoungGen      total 258560K, used 258544K [0x00000000e0000000, 0x00000000fee00000, 0x0000000100000000)
  eden space 218112K, 99% used [0x00000000e0000000,0x00000000ed4ffca0,0x00000000ed500000)
  from space 40448K, 99% used [0x00000000ed500000,0x00000000efc7c6b8,0x00000000efc80000)
  to   space 143872K, 0% used [0x00000000f6180000,0x00000000f6180000,0x00000000fee00000)
 ParOldGen       total 365568K, used 230454K [0x00000000a0000000, 0x00000000b6500000, 0x00000000e0000000)
  object space 365568K, 63% used [0x00000000a0000000,0x00000000ae10da40,0x00000000b6500000)
 Metaspace       used 137329K, capacity 143741K, committed 144768K, reserved 1175552K
  class space    used 16623K, capacity 17802K, committed 18048K, reserved 1048576K
Event: 3064.048 GC heap after
Heap after GC invocations=82 (full 8):
 PSYoungGen      total 370176K, used 45253K [0x00000000e0000000, 0x00000000ff980000, 0x0000000100000000)
  eden space 226304K, 0% used [0x00000000e0000000,0x00000000e0000000,0x00000000edd00000)
  from space 143872K, 31% used [0x00000000f6180000,0x00000000f8db1450,0x00000000fee00000)
  to   space 135680K, 0% used [0x00000000edd00000,0x00000000edd00000,0x00000000f6180000)
 ParOldGen       total 365568K, used 230462K [0x00000000a0000000, 0x00000000b6500000, 0x00000000e0000000)
  object space 365568K, 63% used [0x00000000a0000000,0x00000000ae10fa40,0x00000000b6500000)
 Metaspace       used 137329K, capacity 143741K, committed 144768K, reserved 1175552K
  class space    used 16623K, capacity 17802K, committed 18048K, reserved 1048576K
}
Event: 3067.268 GC heap before
{Heap before GC invocations=83 (full 8):
 PSYoungGen      total 370176K, used 271557K [0x00000000e0000000, 0x00000000ff980000, 0x0000000100000000)
  eden space 226304K, 100% used [0x00000000e0000000,0x00000000edd00000,0x00000000edd00000)
  from space 143872K, 31% used [0x00000000f6180000,0x00000000f8db1450,0x00000000fee00000)
  to   space 135680K, 0% used [0x00000000edd00000,0x00000000edd00000,0x00000000f6180000)
 ParOldGen       total 365568K, used 230462K [0x00000000a0000000, 0x00000000b6500000, 0x00000000e0000000)
  object space 365568K, 63% used [0x00000000a0000000,0x00000000ae10fa40,0x00000000b6500000)
 Metaspace       used 137408K, capacity 143805K, committed 144768K, reserved 1175552K
  class space    used 16628K, capacity 17812K, committed 18048K, reserved 1048576K
Event: 3067.332 GC heap after
Heap after GC invocations=83 (full 8):
 PSYoungGen      total 361984K, used 84010K [0x00000000e0000000, 0x0000000100000000, 0x0000000100000000)
  eden space 226304K, 0% used [0x00000000e0000000,0x00000000e0000000,0x00000000edd00000)
  from space 135680K, 61% used [0x00000000edd00000,0x00000000f2f0a990,0x00000000f6180000)
  to   space 139776K, 0% used [0x00000000f7780000,0x00000000f7780000,0x0000000100000000)
 ParOldGen       total 365568K, used 230470K [0x00000000a0000000, 0x00000000b6500000, 0x00000000e0000000)
  object space 365568K, 63% used [0x00000000a0000000,0x00000000ae111a40,0x00000000b6500000)
 Metaspace       used 137408K, capacity 143805K, committed 144768K, reserved 1175552K
  class space    used 16628K, capacity 17812K, committed 18048K, reserved 1048576K
}
Event: 3068.206 GC heap before
{Heap before GC invocations=84 (full 8):
 PSYoungGen      total 361984K, used 310314K [0x00000000e0000000, 0x0000000100000000, 0x0000000100000000)
  eden space 226304K, 100% used [0x00000000e0000000,0x00000000edd00000,0x00000000edd00000)
  from space 135680K, 61% used [0x00000000edd00000,0x00000000f2f0a990,0x00000000f6180000)
  to   space 139776K, 0% used [0x00000000f7780000,0x00000000f7780000,0x0000000100000000)
 ParOldGen       total 365568K, used 230470K [0x00000000a0000000, 0x00000000b6500000, 0x00000000e0000000)
  object space 365568K, 63% used [0x00000000a0000000,0x00000000ae111a40,0x00000000b6500000)
 Metaspace       used 137411K, capacity 143805K, committed 144768K, reserved 1175552K
  class space    used 16628K, capacity 17812K, committed 18048K, reserved 1048576K
Event: 3068.317 GC heap after
Heap after GC invocations=84 (full 8):
 PSYoungGen      total 354816K, used 117433K [0x00000000e0000000, 0x0000000100000000, 0x0000000100000000)
  eden space 215040K, 0% used [0x00000000e0000000,0x00000000e0000000,0x00000000ed200000)
  from space 139776K, 84% used [0x00000000f7780000,0x00000000fea2e6e0,0x0000000100000000)
  to   space 154624K, 0% used [0x00000000ed200000,0x00000000ed200000,0x00000000f6900000)
 ParOldGen       total 365568K, used 266396K [0x00000000a0000000, 0x00000000b6500000, 0x00000000e0000000)
  object space 365568K, 72% used [0x00000000a0000000,0x00000000b04272e0,0x00000000b6500000)
 Metaspace       used 137411K, capacity 143805K, committed 144768K, reserved 1175552K
  class space    used 16628K, capacity 17812K, committed 18048K, reserved 1048576K
}
Event: 3068.934 GC heap before
{Heap before GC invocations=85 (full 8):
 PSYoungGen      total 354816K, used 332473K [0x00000000e0000000, 0x0000000100000000, 0x0000000100000000)
  eden space 215040K, 100% used [0x00000000e0000000,0x00000000ed200000,0x00000000ed200000)
  from space 139776K, 84% used [0x00000000f7780000,0x00000000fea2e6e0,0x0000000100000000)
  to   space 154624K, 0% used [0x00000000ed200000,0x00000000ed200000,0x00000000f6900000)
 ParOldGen       total 365568K, used 266396K [0x00000000a0000000, 0x00000000b6500000, 0x00000000e0000000)
  object space 365568K, 72% used [0x00000000a0000000,0x00000000b04272e0,0x00000000b6500000)
 Metaspace       used 137419K, capacity 143805K, committed 144768K, reserved 1175552K
  class space    used 16628K, capacity 17812K, committed 18048K, reserved 1048576K
Event: 3068.944 GC heap after
Heap after GC invocations=85 (full 8):
 PSYoungGen      total 369664K, used 36929K [0x00000000e0000000, 0x0000000100000000, 0x0000000100000000)
  eden space 215040K, 0% used [0x00000000e0000000,0x00000000e0000000,0x00000000ed200000)
  from space 154624K, 23% used [0x00000000ed200000,0x00000000ef610638,0x00000000f6900000)
  to   space 148992K, 0% used [0x00000000f6e80000,0x00000000f6e80000,0x0000000100000000)
 ParOldGen       total 365568K, used 267816K [0x00000000a0000000, 0x00000000b6500000, 0x00000000e0000000)
  object space 365568K, 73% used [0x00000000a0000000,0x00000000b058a180,0x00000000b6500000)
 Metaspace       used 137419K, capacity 143805K, committed 144768K, reserved 1175552K
  class space    used 16628K, capacity 17812K, committed 18048K, reserved 1048576K
}

